<?xml version="1.0" encoding="UTF-8"?>
<!-- Generated by org.testng.reporters.JUnitReportReporter -->
<testsuite skipped="0" hostname="QA-SWAMYK" name="com.quotetoorder.acorn.ReSubmit_Button" tests="6" failures="0" timestamp="2021-01-22T17:46:09 IST" time="404.008" errors="0">
  <testcase name="testOECAccount" time="54.584" classname="com.quotetoorder.acorn.ReSubmit_Button"/>
  <system-out/>
  <testcase name="testNAVtoCPQ" time="48.941" classname="com.quotetoorder.acorn.ReSubmit_Button"/>
  <system-out/>
  <testcase name="testTransactionDetails" time="147.711" classname="com.quotetoorder.acorn.ReSubmit_Button"/>
  <system-out/>
  <testcase name="testCalculateChargesTab" time="40.923" classname="com.quotetoorder.acorn.ReSubmit_Button"/>
  <system-out/>
  <testcase name="testApprovalsTab" time="88.603" classname="com.quotetoorder.acorn.ReSubmit_Button"/>
  <system-out/>
  <testcase name="testReturnCPQToOEC" time="23.246" classname="com.quotetoorder.acorn.ReSubmit_Button"/>
  <system-out/>
</testsuite> <!-- com.quotetoorder.acorn.ReSubmit_Button -->
