<?xml version="1.0" encoding="UTF-8"?>
<!-- Generated by org.testng.reporters.JUnitReportReporter -->
<testsuite hostname="QA-SWAMYK" failures="0" tests="1" name="com.macu.cp.MACU_POC_Flow" time="54.686" errors="0" timestamp="2021-04-08T11:22:02 IST" skipped="0">
  <testcase classname="com.macu.cp.MACU_POC_Flow" name="testHighlightedKeyWords" time="54.686"/>
  <system-out/>
</testsuite> <!-- com.macu.cp.MACU_POC_Flow -->
