<?xml version="1.0" encoding="UTF-8"?>
<!-- Generated by org.testng.reporters.JUnitReportReporter -->
<testsuite hostname="QA-SWAMYK" failures="0" tests="3" name="com.macu.bui.ThumbsUp_And_ThumbsDown_Feedback" time="18.006" errors="0" timestamp="2021-06-07T11:31:52 IST" skipped="0">
  <testcase classname="com.macu.bui.ThumbsUp_And_ThumbsDown_Feedback" name="testNavigateToArticleFlow" time="0.006"/>
  <system-out/>
  <testcase classname="com.macu.bui.ThumbsUp_And_ThumbsDown_Feedback" name="testCreateArticleFlow" time="17.996"/>
  <system-out/>
  <testcase classname="com.macu.bui.ThumbsUp_And_ThumbsDown_Feedback" name="testPublishArticleFlow" time="0.004"/>
  <system-out/>
</testsuite> <!-- com.macu.bui.ThumbsUp_And_ThumbsDown_Feedback -->
