<?xml version="1.0" encoding="UTF-8"?>
<!-- Generated by org.testng.reporters.JUnitReportReporter -->
<testsuite hostname="QA-SWAMYK" failures="0" tests="4" name="com.macu.bui.Complete_ThumbsDown_Feedback" time="266.065" errors="0" timestamp="2021-06-07T16:07:01 IST" skipped="0">
  <testcase classname="com.macu.bui.Complete_ThumbsDown_Feedback" name="testNavigateToCP" time="61.441"/>
  <system-out/>
  <testcase classname="com.macu.bui.Complete_ThumbsDown_Feedback" name="testNavigateToBUI" time="57.935"/>
  <system-out/>
  <testcase classname="com.macu.bui.Complete_ThumbsDown_Feedback" name="testNavigateToFeedBackReportFlow" time="56.042"/>
  <system-out/>
  <testcase classname="com.macu.bui.Complete_ThumbsDown_Feedback" name="testCreateArticleFlow" time="90.647"/>
  <system-out/>
</testsuite> <!-- com.macu.bui.Complete_ThumbsDown_Feedback -->
