<?xml version="1.0" encoding="UTF-8"?>
<!-- Generated by org.testng.reporters.JUnitReportReporter -->
<testsuite hostname="QA-SWAMYK" failures="0" tests="1" name="com.macu.cp.MACU_POC_Highlighted_KeyWords_Flow" time="58.205" errors="0" timestamp="2021-05-17T09:25:38 IST" skipped="0">
  <testcase classname="com.macu.cp.MACU_POC_Highlighted_KeyWords_Flow" name="testHighlightedKeyWords" time="58.205"/>
  <system-out/>
</testsuite> <!-- com.macu.cp.MACU_POC_Highlighted_KeyWords_Flow -->
