<?xml version="1.0" encoding="UTF-8"?>
<!-- Generated by org.testng.reporters.JUnitReportReporter -->
<testsuite hostname="QA-SWAMYK" failures="0" tests="4" name="com.macu.cp.Browser_All_Pages_Flow" time="393.793" errors="0" timestamp="2021-05-20T09:40:18 IST" skipped="0">
  <testcase classname="com.macu.cp.Browser_All_Pages_Flow" name="testHighlightedKeyWords" time="28.445"/>
  <system-out/>
  <testcase classname="com.macu.cp.Browser_All_Pages_Flow" name="testFilterByProductAndFilterByCategory" time="173.030"/>
  <system-out/>
  <testcase classname="com.macu.cp.Browser_All_Pages_Flow" name="testViewAtoZ" time="114.121"/>
  <system-out/>
  <testcase classname="com.macu.cp.Browser_All_Pages_Flow" name="testVerifyKeyWords" time="78.197"/>
  <system-out/>
</testsuite> <!-- com.macu.cp.Browser_All_Pages_Flow -->
