<?xml version="1.0" encoding="UTF-8"?>
<!-- Generated by org.testng.reporters.JUnitReportReporter -->
<testsuite skipped="0" hostname="QA-SWAMYK" name="com.quotetoorder.acorn.ShippingType_DropShip" tests="6" failures="0" timestamp="2020-12-27T23:47:52 IST" time="435.479" errors="0">
  <testcase name="testOECAccount" time="46.761" classname="com.quotetoorder.acorn.ShippingType_DropShip"/>
  <system-out/>
  <testcase name="testNAVtoCPQ" time="80.238" classname="com.quotetoorder.acorn.ShippingType_DropShip"/>
  <system-out/>
  <testcase name="testTransactionDetails" time="181.102" classname="com.quotetoorder.acorn.ShippingType_DropShip"/>
  <system-out/>
  <testcase name="testCalculateChargesTab" time="41.007" classname="com.quotetoorder.acorn.ShippingType_DropShip"/>
  <system-out/>
  <testcase name="testApprovalsTab" time="60.761" classname="com.quotetoorder.acorn.ShippingType_DropShip"/>
  <system-out/>
  <testcase name="testReturnCPQToOEC" time="25.610" classname="com.quotetoorder.acorn.ShippingType_DropShip"/>
  <system-out/>
</testsuite> <!-- com.quotetoorder.acorn.ShippingType_DropShip -->
