<?xml version="1.0" encoding="UTF-8"?>
<!-- Generated by org.testng.reporters.JUnitReportReporter -->
<testsuite skipped="0" hostname="QA-SWAMYK" name="com.quoteorder.prospect.Price_Override_On_LineLevel_Items_Prospect" tests="7" failures="0" timestamp="2021-01-22T16:07:42 IST" time="649.011" errors="0">
  <testcase name="testOECAccount" time="75.094" classname="com.quoteorder.prospect.Price_Override_On_LineLevel_Items_Prospect"/>
  <system-out/>
  <testcase name="testNAVtoCPQ" time="52.231" classname="com.quoteorder.prospect.Price_Override_On_LineLevel_Items_Prospect"/>
  <system-out/>
  <testcase name="testTransactionDetails" time="207.301" classname="com.quoteorder.prospect.Price_Override_On_LineLevel_Items_Prospect"/>
  <system-out/>
  <testcase name="testPricingOVerrideDetailsOnSearch" time="112.009" classname="com.quoteorder.prospect.Price_Override_On_LineLevel_Items_Prospect"/>
  <system-out/>
  <testcase name="testCalculateChargesTab" time="87.986" classname="com.quoteorder.prospect.Price_Override_On_LineLevel_Items_Prospect"/>
  <system-out/>
  <testcase name="testApprovalsTab" time="43.485" classname="com.quoteorder.prospect.Price_Override_On_LineLevel_Items_Prospect"/>
  <system-out/>
  <testcase name="testReturnCPQToOEC" time="70.905" classname="com.quoteorder.prospect.Price_Override_On_LineLevel_Items_Prospect"/>
  <system-out/>
</testsuite> <!-- com.quoteorder.prospect.Price_Override_On_LineLevel_Items_Prospect -->
