<?xml version="1.0" encoding="UTF-8"?>
<!-- Generated by org.testng.reporters.JUnitReportReporter -->
<testsuite skipped="0" hostname="QA-SWAMYK" name="com.quotetoorder.acorn.Add_NewShipping_Address" tests="6" failures="0" timestamp="2021-01-27T10:21:59 IST" time="472.822" errors="0">
  <testcase name="testOECAccount" time="52.664" classname="com.quotetoorder.acorn.Add_NewShipping_Address"/>
  <system-out/>
  <testcase name="testNAVtoCPQ" time="43.945" classname="com.quotetoorder.acorn.Add_NewShipping_Address"/>
  <system-out/>
  <testcase name="testTransactionDetails" time="227.300" classname="com.quotetoorder.acorn.Add_NewShipping_Address"/>
  <system-out/>
  <testcase name="testCalculateChargesTab" time="40.565" classname="com.quotetoorder.acorn.Add_NewShipping_Address"/>
  <system-out/>
  <testcase name="testApprovalsTab" time="64.982" classname="com.quotetoorder.acorn.Add_NewShipping_Address"/>
  <system-out/>
  <testcase name="testReturnCPQToOEC" time="43.366" classname="com.quotetoorder.acorn.Add_NewShipping_Address"/>
  <system-out/>
</testsuite> <!-- com.quotetoorder.acorn.Add_NewShipping_Address -->
