<?xml version="1.0" encoding="UTF-8"?>
<!-- Generated by org.testng.reporters.JUnitReportReporter -->
<testsuite skipped="0" hostname="QA-SWAMYK" name="com.quoteorder.prospect.Add_To_Favorites" tests="6" failures="0" timestamp="2021-01-22T10:58:17 IST" time="608.819" errors="0">
  <testcase name="testOECAccount" time="76.425" classname="com.quoteorder.prospect.Add_To_Favorites"/>
  <system-out/>
  <testcase name="testNAVtoCPQ" time="54.199" classname="com.quoteorder.prospect.Add_To_Favorites"/>
  <system-out/>
  <testcase name="testTransactionDetails" time="281.160" classname="com.quoteorder.prospect.Add_To_Favorites"/>
  <system-out/>
  <testcase name="testCalculateChargesTab" time="80.261" classname="com.quoteorder.prospect.Add_To_Favorites"/>
  <system-out/>
  <testcase name="testApprovalsTab" time="44.653" classname="com.quoteorder.prospect.Add_To_Favorites"/>
  <system-out/>
  <testcase name="testReturnCPQToOEC" time="72.121" classname="com.quoteorder.prospect.Add_To_Favorites"/>
  <system-out/>
</testsuite> <!-- com.quoteorder.prospect.Add_To_Favorites -->
