<?xml version="1.0" encoding="UTF-8"?>
<!-- Generated by org.testng.reporters.JUnitReportReporter -->
<testsuite skipped="0" hostname="QA-SWAMYK" name="com.quoteorder.prospect.Change_Exising_Address" tests="6" failures="0" timestamp="2021-01-07T11:32:38 IST" time="525.479" errors="0">
  <testcase name="testOECAccount" time="82.365" classname="com.quoteorder.prospect.Change_Exising_Address"/>
  <system-out/>
  <testcase name="testNAVtoCPQ" time="52.001" classname="com.quoteorder.prospect.Change_Exising_Address"/>
  <system-out/>
  <testcase name="testTransactionDetails" time="224.724" classname="com.quoteorder.prospect.Change_Exising_Address"/>
  <system-out/>
  <testcase name="testCalculateChargesTab" time="79.991" classname="com.quoteorder.prospect.Change_Exising_Address"/>
  <system-out/>
  <testcase name="testApprovalsTab" time="28.003" classname="com.quoteorder.prospect.Change_Exising_Address"/>
  <system-out/>
  <testcase name="testReturnCPQToOEC" time="58.395" classname="com.quoteorder.prospect.Change_Exising_Address"/>
  <system-out/>
</testsuite> <!-- com.quoteorder.prospect.Change_Exising_Address -->
