<?xml version="1.0" encoding="UTF-8"?>
<!-- Generated by org.testng.reporters.JUnitReportReporter -->
<testsuite hostname="CAF-QA-Shashi" failures="0" tests="8" name="com.ribbon.cpq.Create_Opportunity_Flow" time="1859.216" errors="0" timestamp="2021-09-09T17:16:13 IST" skipped="0">
  <testcase classname="com.ribbon.cpq.Create_Opportunity_Flow" name="testAddSite" time="186.302"/>
  <system-out/>
  <testcase classname="com.ribbon.cpq.Create_Opportunity_Flow" name="testAddEdgeMarc" time="393.371"/>
  <system-out/>
  <testcase classname="com.ribbon.cpq.Create_Opportunity_Flow" name="testAddGVPP" time="406.567"/>
  <system-out/>
  <testcase classname="com.ribbon.cpq.Create_Opportunity_Flow" name="testAddFromCatalog" time="455.439"/>
  <system-out/>
  <testcase classname="com.ribbon.cpq.Create_Opportunity_Flow" name="testReconfigureModel" time="139.541"/>
  <system-out/>
  <testcase classname="com.ribbon.cpq.Create_Opportunity_Flow" name="testDiscounting" time="72.940"/>
  <system-out/>
  <testcase classname="com.ribbon.cpq.Create_Opportunity_Flow" name="testQuoteDocumentGeneration" time="95.416"/>
  <system-out/>
  <testcase classname="com.ribbon.cpq.Create_Opportunity_Flow" name="testStartandStopSync" time="109.640"/>
  <system-out/>
</testsuite> <!-- com.ribbon.cpq.Create_Opportunity_Flow -->
