<?xml version="1.0" encoding="UTF-8"?>
<!-- Generated by org.testng.reporters.JUnitReportReporter -->
<testsuite skipped="0" hostname="QA-SWAMYK" name="com.quoteorder.prospect.Item_Approval_Condition" tests="4" failures="0" timestamp="2021-01-22T13:11:15 IST" time="391.924" errors="0">
  <testcase name="testOECAccount" time="77.991" classname="com.quoteorder.prospect.Item_Approval_Condition"/>
  <system-out/>
  <testcase name="testNAVtoCPQ" time="64.040" classname="com.quoteorder.prospect.Item_Approval_Condition"/>
  <system-out/>
  <testcase name="testTransactionDetails" time="223.278" classname="com.quoteorder.prospect.Item_Approval_Condition"/>
  <system-out/>
  <testcase name="testPricingOVerrideDetailsOnSearch" time="26.615" classname="com.quoteorder.prospect.Item_Approval_Condition"/>
  <system-out/>
</testsuite> <!-- com.quoteorder.prospect.Item_Approval_Condition -->
