<?xml version="1.0" encoding="UTF-8"?>
<!-- Generated by org.testng.reporters.JUnitReportReporter -->
<testsuite hostname="QA-SWAMYK" failures="0" tests="3" name="com.macu.bui.Contact_View" time="60.831" errors="0" timestamp="2021-06-15T10:41:53 IST" skipped="0">
  <testcase classname="com.macu.bui.Contact_View" name="testNavigateToArticleFlow" time="32.878"/>
  <system-out/>
  <testcase classname="com.macu.bui.Contact_View" name="testCreateArticleFlow" time="27.951"/>
  <system-out/>
  <testcase classname="com.macu.bui.Contact_View" name="testPublishArticleFlow" time="0.002"/>
  <system-out/>
</testsuite> <!-- com.macu.bui.Contact_View -->
