<?xml version="1.0" encoding="UTF-8"?>
<!-- Generated by org.testng.reporters.JUnitReportReporter -->
<testsuite skipped="0" hostname="QA-SWAMYK" name="com.quotetoorder.acorn.Approval_Cond" tests="6" failures="0" timestamp="2021-01-27T11:10:59 IST" time="454.494" errors="0">
  <testcase name="testOECAccount" time="46.503" classname="com.quotetoorder.acorn.Approval_Cond"/>
  <system-out/>
  <testcase name="testNAVtoCPQ" time="76.980" classname="com.quotetoorder.acorn.Approval_Cond"/>
  <system-out/>
  <testcase name="testTransactionDetails" time="178.531" classname="com.quotetoorder.acorn.Approval_Cond"/>
  <system-out/>
  <testcase name="testMarkUPAmountDetailsOnSearch" time="45.640" classname="com.quotetoorder.acorn.Approval_Cond"/>
  <system-out/>
  <testcase name="testCalculateChargesTabandVerifyingApproval" time="62.840" classname="com.quotetoorder.acorn.Approval_Cond"/>
  <system-out/>
  <testcase name="testReturnCPQToOEC" time="44.000" classname="com.quotetoorder.acorn.Approval_Cond"/>
  <system-out/>
</testsuite> <!-- com.quotetoorder.acorn.Approval_Cond -->
