<?xml version="1.0" encoding="UTF-8"?>
<!-- Generated by org.testng.reporters.JUnitReportReporter -->
<testsuite skipped="0" hostname="QA-SWAMYK" name="com.quotetoorder.acorn.Send_Mail" tests="6" failures="0" timestamp="2021-02-05T11:59:40 IST" time="454.143" errors="0">
  <testcase name="testOECAccount" time="48.298" classname="com.quotetoorder.acorn.Send_Mail"/>
  <system-out/>
  <testcase name="testNAVtoCPQ" time="42.141" classname="com.quotetoorder.acorn.Send_Mail"/>
  <system-out/>
  <testcase name="testTransactionDetails" time="132.773" classname="com.quotetoorder.acorn.Send_Mail"/>
  <system-out/>
  <testcase name="testCalculateChargesTab" time="43.823" classname="com.quotetoorder.acorn.Send_Mail"/>
  <system-out/>
  <testcase name="testApprovalsTab" time="109.036" classname="com.quotetoorder.acorn.Send_Mail"/>
  <system-out/>
  <testcase name="testPricingOVerrideDetailsOnSearch" time="78.072" classname="com.quotetoorder.acorn.Send_Mail"/>
  <system-out/>
</testsuite> <!-- com.quotetoorder.acorn.Send_Mail -->
