<?xml version="1.0" encoding="UTF-8"?>
<!-- Generated by org.testng.reporters.JUnitReportReporter -->
<testsuite hostname="CAF-QA-Shashi" failures="0" tests="8" name="com.ribbon.cpq.Create_Opportunity_Flow" time="1924.179" errors="0" timestamp="2021-12-20T11:45:28 IST" skipped="0">
  <testcase classname="com.ribbon.cpq.Create_Opportunity_Flow" name="testAddSite" time="165.031"/>
  <system-out/>
  <testcase classname="com.ribbon.cpq.Create_Opportunity_Flow" name="testAddEdgeMarc" time="334.347"/>
  <system-out/>
  <testcase classname="com.ribbon.cpq.Create_Opportunity_Flow" name="testAddGVPP" time="543.393"/>
  <system-out/>
  <testcase classname="com.ribbon.cpq.Create_Opportunity_Flow" name="testAddFromCatalog" time="495.335"/>
  <system-out/>
  <testcase classname="com.ribbon.cpq.Create_Opportunity_Flow" name="testReconfigureModel" time="137.137"/>
  <system-out/>
  <testcase classname="com.ribbon.cpq.Create_Opportunity_Flow" name="testDiscounting" time="79.553"/>
  <system-out/>
  <testcase classname="com.ribbon.cpq.Create_Opportunity_Flow" name="testQuoteDocumentGeneration" time="104.477"/>
  <system-out/>
  <testcase classname="com.ribbon.cpq.Create_Opportunity_Flow" name="testStartandStopSync" time="64.906"/>
  <system-out/>
</testsuite> <!-- com.ribbon.cpq.Create_Opportunity_Flow -->
