<?xml version="1.0" encoding="UTF-8"?>
<!-- Generated by org.testng.reporters.JUnitReportReporter -->
<testsuite skipped="0" hostname="QA-SWAMYK" name="com.quoteorder.prospect.Send_Mail_Prospect" tests="6" failures="0" timestamp="2021-01-22T13:49:03 IST" time="607.056" errors="0">
  <testcase name="testOECAccount" time="76.530" classname="com.quoteorder.prospect.Send_Mail_Prospect"/>
  <system-out/>
  <testcase name="testNAVtoCPQ" time="89.865" classname="com.quoteorder.prospect.Send_Mail_Prospect"/>
  <system-out/>
  <testcase name="testTransactionDetails" time="182.426" classname="com.quoteorder.prospect.Send_Mail_Prospect"/>
  <system-out/>
  <testcase name="testCalculateChargesTab" time="28.138" classname="com.quoteorder.prospect.Send_Mail_Prospect"/>
  <system-out/>
  <testcase name="testApprovalsTab" time="157.896" classname="com.quoteorder.prospect.Send_Mail_Prospect"/>
  <system-out/>
  <testcase name="testReturnCPQToOEC" time="72.201" classname="com.quoteorder.prospect.Send_Mail_Prospect"/>
  <system-out/>
</testsuite> <!-- com.quoteorder.prospect.Send_Mail_Prospect -->
