<?xml version="1.0" encoding="UTF-8"?>
<!-- Generated by org.testng.reporters.JUnitReportReporter -->
<testsuite skipped="0" hostname="QA-SWAMYK" name="com.quotetoorder.acorn.Item_Approval_Condition" tests="4" failures="0" timestamp="2021-01-27T12:09:42 IST" time="266.800" errors="0">
  <testcase name="testOECAccount" time="45.908" classname="com.quotetoorder.acorn.Item_Approval_Condition"/>
  <system-out/>
  <testcase name="testNAVtoCPQ" time="44.047" classname="com.quotetoorder.acorn.Item_Approval_Condition"/>
  <system-out/>
  <testcase name="testTransactionDetails" time="150.320" classname="com.quotetoorder.acorn.Item_Approval_Condition"/>
  <system-out/>
  <testcase name="testPricingOVerrideDetailsOnSearch" time="26.525" classname="com.quotetoorder.acorn.Item_Approval_Condition"/>
  <system-out/>
</testsuite> <!-- com.quotetoorder.acorn.Item_Approval_Condition -->
