<?xml version="1.0" encoding="UTF-8"?>
<!-- Generated by org.testng.reporters.JUnitReportReporter -->
<testsuite hostname="QA-SWAMYK" failures="0" tests="3" name="com.macu.bui.Smiley_Faces_FeedBack" time="147.380" errors="0" timestamp="2021-06-04T11:05:49 IST" skipped="0">
  <testcase classname="com.macu.bui.Smiley_Faces_FeedBack" name="testNavigateToArticleFlow" time="54.745"/>
  <system-out/>
  <testcase classname="com.macu.bui.Smiley_Faces_FeedBack" name="testCreateArticleFlow" time="92.632"/>
  <system-out/>
  <testcase classname="com.macu.bui.Smiley_Faces_FeedBack" name="testPublishArticleFlow" time="0.003"/>
  <system-out/>
</testsuite> <!-- com.macu.bui.Smiley_Faces_FeedBack -->
