<?xml version="1.0" encoding="UTF-8"?>
<!-- Generated by org.testng.reporters.JUnitReportReporter -->
<testsuite skipped="0" hostname="QA-SWAMYK" name="com.quotetoorder.acorn.Previous_Quote_Add_Item" tests="6" failures="0" timestamp="2020-12-15T19:17:28 IST" time="327.898" errors="0">
  <testcase name="testOECAccount" time="34.370" classname="com.quotetoorder.acorn.Previous_Quote_Add_Item"/>
  <system-out/>
  <testcase name="testNAVtoCPQ" time="62.084" classname="com.quotetoorder.acorn.Previous_Quote_Add_Item"/>
  <system-out/>
  <testcase name="testTransactionDetails" time="85.593" classname="com.quotetoorder.acorn.Previous_Quote_Add_Item"/>
  <system-out/>
  <testcase name="testCalculateChargesTab" time="73.440" classname="com.quotetoorder.acorn.Previous_Quote_Add_Item"/>
  <system-out/>
  <testcase name="testApprovalsTab" time="51.734" classname="com.quotetoorder.acorn.Previous_Quote_Add_Item"/>
  <system-out/>
  <testcase name="testReturnCPQToOEC" time="20.677" classname="com.quotetoorder.acorn.Previous_Quote_Add_Item"/>
  <system-out/>
</testsuite> <!-- com.quotetoorder.acorn.Previous_Quote_Add_Item -->
