<?xml version="1.0" encoding="UTF-8"?>
<!-- Generated by org.testng.reporters.JUnitReportReporter -->
<testsuite skipped="0" hostname="QA-SWAMYK" name="com.quoteorder.prospect.Using_Existing_Address" tests="6" failures="0" timestamp="2021-01-06T14:54:03 IST" time="388.678" errors="0">
  <testcase name="testOECAccount" time="83.475" classname="com.quoteorder.prospect.Using_Existing_Address"/>
  <system-out/>
  <testcase name="testNAVtoCPQ" time="51.989" classname="com.quoteorder.prospect.Using_Existing_Address"/>
  <system-out/>
  <testcase name="testTransactionDetails" time="125.628" classname="com.quoteorder.prospect.Using_Existing_Address"/>
  <system-out/>
  <testcase name="testCalculateChargesTab" time="41.293" classname="com.quoteorder.prospect.Using_Existing_Address"/>
  <system-out/>
  <testcase name="testApprovalsTab" time="27.973" classname="com.quoteorder.prospect.Using_Existing_Address"/>
  <system-out/>
  <testcase name="testReturnCPQToOEC" time="58.320" classname="com.quoteorder.prospect.Using_Existing_Address"/>
  <system-out/>
</testsuite> <!-- com.quoteorder.prospect.Using_Existing_Address -->
