<?xml version="1.0" encoding="UTF-8"?>
<!-- Generated by org.testng.reporters.JUnitReportReporter -->
<testsuite hostname="QA-SWAMYK" failures="0" tests="2" name="com.macu.cp.MACU_POC_Security_PRofile_Flow" time="244.537" errors="0" timestamp="2021-04-13T13:59:57 IST" skipped="0">
  <testcase classname="com.macu.cp.MACU_POC_Security_PRofile_Flow" name="testSecurity_PRofile" time="73.742"/>
  <system-out/>
  <testcase classname="com.macu.cp.MACU_POC_Security_PRofile_Flow" name="testSecurity_PRofile_View_AToZ" time="170.795"/>
  <system-out/>
</testsuite> <!-- com.macu.cp.MACU_POC_Security_PRofile_Flow -->
