<?xml version="1.0" encoding="UTF-8"?>
<!-- Generated by org.testng.reporters.JUnitReportReporter -->
<testsuite skipped="0" hostname="QA-SWAMYK" name="com.quoteorder.prospect.Revise_Quote_Add_Item_Prospect" tests="9" failures="0" timestamp="2021-01-22T14:51:29 IST" time="972.615" errors="0">
  <testcase name="testOECAccount" time="76.237" classname="com.quoteorder.prospect.Revise_Quote_Add_Item_Prospect"/>
  <system-out/>
  <testcase name="testNAVtoCPQ" time="54.004" classname="com.quoteorder.prospect.Revise_Quote_Add_Item_Prospect"/>
  <system-out/>
  <testcase name="testTransactionDetails" time="307.968" classname="com.quoteorder.prospect.Revise_Quote_Add_Item_Prospect"/>
  <system-out/>
  <testcase name="testCalculateChargesTab" time="80.215" classname="com.quoteorder.prospect.Revise_Quote_Add_Item_Prospect"/>
  <system-out/>
  <testcase name="testApprovalsTab" time="86.253" classname="com.quoteorder.prospect.Revise_Quote_Add_Item_Prospect"/>
  <system-out/>
  <testcase name="testReviseTransactionDetails" time="184.038" classname="com.quoteorder.prospect.Revise_Quote_Add_Item_Prospect"/>
  <system-out/>
  <testcase name="testReviseCalculateChargesTab" time="47.546" classname="com.quoteorder.prospect.Revise_Quote_Add_Item_Prospect"/>
  <system-out/>
  <testcase name="testReviseApprovalsTab" time="69.695" classname="com.quoteorder.prospect.Revise_Quote_Add_Item_Prospect"/>
  <system-out/>
  <testcase name="testReturnCPQToOEC" time="66.659" classname="com.quoteorder.prospect.Revise_Quote_Add_Item_Prospect"/>
  <system-out/>
</testsuite> <!-- com.quoteorder.prospect.Revise_Quote_Add_Item_Prospect -->
