<?xml version="1.0" encoding="UTF-8"?>
<!-- Generated by org.testng.reporters.JUnitReportReporter -->
<testsuite skipped="0" hostname="QA-SWAMYK" name="com.quotetoorder.acorn.Add_To_Favorite" tests="6" failures="0" timestamp="2021-02-05T10:23:29 IST" time="470.356" errors="0">
  <testcase name="testOECAccount" time="57.313" classname="com.quotetoorder.acorn.Add_To_Favorite"/>
  <system-out/>
  <testcase name="testNAVtoCPQ" time="51.144" classname="com.quotetoorder.acorn.Add_To_Favorite"/>
  <system-out/>
  <testcase name="testTransactionDetails" time="210.551" classname="com.quotetoorder.acorn.Add_To_Favorite"/>
  <system-out/>
  <testcase name="testCalculateChargesTab" time="41.402" classname="com.quotetoorder.acorn.Add_To_Favorite"/>
  <system-out/>
  <testcase name="testApprovalsTab" time="61.110" classname="com.quotetoorder.acorn.Add_To_Favorite"/>
  <system-out/>
  <testcase name="testReturnCPQToOEC" time="48.836" classname="com.quotetoorder.acorn.Add_To_Favorite"/>
  <system-out/>
</testsuite> <!-- com.quotetoorder.acorn.Add_To_Favorite -->
