<?xml version="1.0" encoding="UTF-8"?>
<!-- Generated by org.testng.reporters.JUnitReportReporter -->
<testsuite skipped="0" hostname="QA-SWAMYK" name="com.quoteorder.prospect.Approval_Cond_Prospect" tests="6" failures="0" timestamp="2021-02-04T18:02:30 IST" time="439.264" errors="0">
  <testcase name="testOECAccount" time="75.889" classname="com.quoteorder.prospect.Approval_Cond_Prospect"/>
  <system-out/>
  <testcase name="testNAVtoCPQ" time="54.957" classname="com.quoteorder.prospect.Approval_Cond_Prospect"/>
  <system-out/>
  <testcase name="testTransactionDetails" time="136.083" classname="com.quoteorder.prospect.Approval_Cond_Prospect"/>
  <system-out/>
  <testcase name="testMarkUPAmountDetailsOnSearch" time="45.725" classname="com.quoteorder.prospect.Approval_Cond_Prospect"/>
  <system-out/>
  <testcase name="testCalculateChargesTabandVerifyingApproval" time="62.945" classname="com.quoteorder.prospect.Approval_Cond_Prospect"/>
  <system-out/>
  <testcase name="testReturnCPQToOEC" time="63.665" classname="com.quoteorder.prospect.Approval_Cond_Prospect"/>
  <system-out/>
</testsuite> <!-- com.quoteorder.prospect.Approval_Cond_Prospect -->
