<?xml version="1.0" encoding="UTF-8"?>
<!-- Generated by org.testng.reporters.JUnitReportReporter -->
<testsuite skipped="0" hostname="QA-SWAMYK" name="com.quoteorder.prospect.ShippingType_DropShip_Prospect" tests="6" failures="0" timestamp="2021-01-22T13:35:25 IST" time="795.442" errors="0">
  <testcase name="testOECAccount" time="76.277" classname="com.quoteorder.prospect.ShippingType_DropShip_Prospect"/>
  <system-out/>
  <testcase name="testNAVtoCPQ" time="89.846" classname="com.quoteorder.prospect.ShippingType_DropShip_Prospect"/>
  <system-out/>
  <testcase name="testTransactionDetails" time="431.920" classname="com.quoteorder.prospect.ShippingType_DropShip_Prospect"/>
  <system-out/>
  <testcase name="testCalculateChargesTab" time="80.586" classname="com.quoteorder.prospect.ShippingType_DropShip_Prospect"/>
  <system-out/>
  <testcase name="testApprovalsTab" time="44.646" classname="com.quoteorder.prospect.ShippingType_DropShip_Prospect"/>
  <system-out/>
  <testcase name="testReturnCPQToOEC" time="72.167" classname="com.quoteorder.prospect.ShippingType_DropShip_Prospect"/>
  <system-out/>
</testsuite> <!-- com.quoteorder.prospect.ShippingType_DropShip_Prospect -->
