<?xml version="1.0" encoding="UTF-8"?>
<!-- Generated by org.testng.reporters.JUnitReportReporter -->
<testsuite hostname="CAF-QA-Shashi" failures="0" tests="8" name="com.ribbon.cpq.Create_Opportunity_Flow" time="1963.861" errors="0" timestamp="2021-10-11T12:16:38 IST" skipped="0">
  <testcase classname="com.ribbon.cpq.Create_Opportunity_Flow" name="testAddSite" time="185.542"/>
  <system-out/>
  <testcase classname="com.ribbon.cpq.Create_Opportunity_Flow" name="testAddEdgeMarc" time="421.898"/>
  <system-out/>
  <testcase classname="com.ribbon.cpq.Create_Opportunity_Flow" name="testAddGVPP" time="515.853"/>
  <system-out/>
  <testcase classname="com.ribbon.cpq.Create_Opportunity_Flow" name="testAddFromCatalog" time="450.732"/>
  <system-out/>
  <testcase classname="com.ribbon.cpq.Create_Opportunity_Flow" name="testReconfigureModel" time="137.252"/>
  <system-out/>
  <testcase classname="com.ribbon.cpq.Create_Opportunity_Flow" name="testDiscounting" time="80.207"/>
  <system-out/>
  <testcase classname="com.ribbon.cpq.Create_Opportunity_Flow" name="testQuoteDocumentGeneration" time="104.400"/>
  <system-out/>
  <testcase classname="com.ribbon.cpq.Create_Opportunity_Flow" name="testStartandStopSync" time="67.977"/>
  <system-out/>
</testsuite> <!-- com.ribbon.cpq.Create_Opportunity_Flow -->
